2026-04-18 21:23:44 - app.main - INFO - [main.py:28] - Loading scaler from /home/mdialloc19/Bureau/Abdoulaye/python/web_projects/ml--fullstack-starter/backend/models/standard_scaler.joblib...
2026-04-18 21:23:44 - app.main - INFO - [main.py:29] - Loading model from /home/mdialloc19/Bureau/Abdoulaye/python/web_projects/ml--fullstack-starter/backend/models/scaled_logistic_regression_model.joblib...
2026-04-18 21:24:41 - app.main - INFO - [main.py:35] - Model and scaler loaded successfully with joblib.
2026-04-18 21:24:41 - app.main - DEBUG - [main.py:40] - Models stored in ml_models dictionary.
2026-04-18 21:24:41 - app.main - INFO - [main.py:50] - Cleaning up ML models on shutdown...
2026-04-18 21:24:41 - app.main - DEBUG - [main.py:52] - Models cleared.
2026-04-18 21:25:00 - app.main - INFO - [main.py:28] - Loading scaler from /home/mdialloc19/Bureau/Abdoulaye/python/web_projects/ml--fullstack-starter/backend/models/standard_scaler.joblib...
2026-04-18 21:25:00 - app.main - INFO - [main.py:29] - Loading model from /home/mdialloc19/Bureau/Abdoulaye/python/web_projects/ml--fullstack-starter/backend/models/scaled_logistic_regression_model.joblib...
2026-04-18 21:25:03 - app.main - INFO - [main.py:35] - Model and scaler loaded successfully with joblib.
2026-04-18 21:25:03 - app.main - DEBUG - [main.py:40] - Models stored in ml_models dictionary.
2026-04-18 21:25:10 - app.api.v1.endpoints.predict - DEBUG - [predict.py:17] - Prediction request received: pregnancies=6.0, glucose=148.0
2026-04-18 21:25:10 - app.api.v1.endpoints.predict - INFO - [predict.py:58] - Prediction completed: prediction=1, probability=0.7719
2026-04-18 21:29:56 - app.api.v1.endpoints.predict - DEBUG - [predict.py:17] - Prediction request received: pregnancies=6.0, glucose=148.0
2026-04-18 21:29:56 - app.api.v1.endpoints.predict - INFO - [predict.py:58] - Prediction completed: prediction=1, probability=0.7719
2026-04-18 21:29:58 - app.api.v1.endpoints.predict - DEBUG - [predict.py:17] - Prediction request received: pregnancies=6.0, glucose=148.0
2026-04-18 21:29:58 - app.api.v1.endpoints.predict - INFO - [predict.py:58] - Prediction completed: prediction=1, probability=0.7719
2026-04-18 21:30:08 - app.api.v1.endpoints.predict - DEBUG - [predict.py:17] - Prediction request received: pregnancies=6.0, glucose=148.0
2026-04-18 21:30:08 - app.api.v1.endpoints.predict - INFO - [predict.py:58] - Prediction completed: prediction=1, probability=0.7719
2026-04-18 21:30:09 - app.api.v1.endpoints.predict - DEBUG - [predict.py:17] - Prediction request received: pregnancies=6.0, glucose=148.0
2026-04-18 21:30:09 - app.api.v1.endpoints.predict - INFO - [predict.py:58] - Prediction completed: prediction=1, probability=0.7719
2026-04-18 21:30:10 - app.api.v1.endpoints.predict - DEBUG - [predict.py:17] - Prediction request received: pregnancies=6.0, glucose=148.0
2026-04-18 21:30:10 - app.api.v1.endpoints.predict - INFO - [predict.py:58] - Prediction completed: prediction=1, probability=0.7719
2026-04-18 21:30:10 - app.api.v1.endpoints.predict - DEBUG - [predict.py:17] - Prediction request received: pregnancies=6.0, glucose=148.0
2026-04-18 21:30:10 - app.api.v1.endpoints.predict - INFO - [predict.py:58] - Prediction completed: prediction=1, probability=0.7719
2026-04-18 21:30:12 - app.api.v1.endpoints.predict - DEBUG - [predict.py:17] - Prediction request received: pregnancies=6.0, glucose=148.0
2026-04-18 21:30:12 - app.api.v1.endpoints.predict - INFO - [predict.py:58] - Prediction completed: prediction=1, probability=0.7719
2026-04-18 21:30:13 - app.api.v1.endpoints.predict - DEBUG - [predict.py:17] - Prediction request received: pregnancies=6.0, glucose=148.0
2026-04-18 21:30:13 - app.api.v1.endpoints.predict - INFO - [predict.py:58] - Prediction completed: prediction=1, probability=0.7719
2026-04-18 21:30:14 - app.api.v1.endpoints.predict - DEBUG - [predict.py:17] - Prediction request received: pregnancies=6.0, glucose=148.0
2026-04-18 21:30:14 - app.api.v1.endpoints.predict - INFO - [predict.py:58] - Prediction completed: prediction=1, probability=0.7719
2026-04-18 21:30:14 - app.api.v1.endpoints.predict - DEBUG - [predict.py:17] - Prediction request received: pregnancies=6.0, glucose=148.0
2026-04-18 21:30:14 - app.api.v1.endpoints.predict - INFO - [predict.py:58] - Prediction completed: prediction=1, probability=0.7719
2026-04-18 21:30:15 - app.api.v1.endpoints.predict - DEBUG - [predict.py:17] - Prediction request received: pregnancies=6.0, glucose=148.0
2026-04-18 21:30:15 - app.api.v1.endpoints.predict - INFO - [predict.py:58] - Prediction completed: prediction=1, probability=0.7719
2026-04-18 21:40:53 - app.api.v1.endpoints.predict - DEBUG - [predict.py:17] - Prediction request received: pregnancies=6.0, glucose=148.0
2026-04-18 21:40:53 - app.api.v1.endpoints.predict - INFO - [predict.py:58] - Prediction completed: prediction=1, probability=0.7719
2026-04-18 21:41:16 - app.api.v1.endpoints.predict - DEBUG - [predict.py:17] - Prediction request received: pregnancies=6.0, glucose=148.0
2026-04-18 21:41:16 - app.api.v1.endpoints.predict - INFO - [predict.py:58] - Prediction completed: prediction=1, probability=0.7719
2026-04-18 21:41:16 - app.api.v1.endpoints.predict - DEBUG - [predict.py:17] - Prediction request received: pregnancies=6.0, glucose=148.0
2026-04-18 21:41:16 - app.api.v1.endpoints.predict - INFO - [predict.py:58] - Prediction completed: prediction=1, probability=0.7719
2026-04-18 21:41:17 - app.api.v1.endpoints.predict - DEBUG - [predict.py:17] - Prediction request received: pregnancies=6.0, glucose=148.0
2026-04-18 21:41:17 - app.api.v1.endpoints.predict - INFO - [predict.py:58] - Prediction completed: prediction=1, probability=0.7719
2026-04-18 21:41:59 - app.api.v1.endpoints.predict - DEBUG - [predict.py:17] - Prediction request received: pregnancies=0.0, glucose=148.0
2026-04-18 21:41:59 - app.api.v1.endpoints.predict - INFO - [predict.py:58] - Prediction completed: prediction=1, probability=0.6974
2026-04-18 21:43:56 - app.api.v1.endpoints.predict - DEBUG - [predict.py:17] - Prediction request received: pregnancies=0.0, glucose=148.0
2026-04-18 21:43:56 - app.api.v1.endpoints.predict - INFO - [predict.py:58] - Prediction completed: prediction=1, probability=0.6974
2026-04-18 21:46:15 - app.api.v1.endpoints.predict - DEBUG - [predict.py:17] - Prediction request received: pregnancies=6.0, glucose=148.0
2026-04-18 21:46:15 - app.api.v1.endpoints.predict - INFO - [predict.py:58] - Prediction completed: prediction=1, probability=0.7719
2026-04-18 21:50:54 - app.api.v1.endpoints.predict - DEBUG - [predict.py:17] - Prediction request received: pregnancies=6.0, glucose=148.0
2026-04-18 21:50:54 - app.api.v1.endpoints.predict - INFO - [predict.py:58] - Prediction completed: prediction=1, probability=0.7719
2026-04-18 21:58:07 - app.api.v1.endpoints.predict - DEBUG - [predict.py:17] - Prediction request received: pregnancies=6.0, glucose=148.0
2026-04-18 21:58:07 - app.api.v1.endpoints.predict - INFO - [predict.py:58] - Prediction completed: prediction=1, probability=0.7719
2026-04-18 21:58:08 - app.api.v1.endpoints.predict - DEBUG - [predict.py:17] - Prediction request received: pregnancies=6.0, glucose=148.0
2026-04-18 21:58:08 - app.api.v1.endpoints.predict - INFO - [predict.py:58] - Prediction completed: prediction=1, probability=0.7719
2026-04-18 21:58:09 - app.api.v1.endpoints.predict - DEBUG - [predict.py:17] - Prediction request received: pregnancies=6.0, glucose=148.0
2026-04-18 21:58:09 - app.api.v1.endpoints.predict - INFO - [predict.py:58] - Prediction completed: prediction=1, probability=0.7719
2026-04-18 21:58:10 - app.api.v1.endpoints.predict - DEBUG - [predict.py:17] - Prediction request received: pregnancies=6.0, glucose=148.0
2026-04-18 21:58:10 - app.api.v1.endpoints.predict - INFO - [predict.py:58] - Prediction completed: prediction=1, probability=0.7719
2026-04-18 21:59:59 - app.api.v1.endpoints.predict - DEBUG - [predict.py:17] - Prediction request received: pregnancies=6.0, glucose=148.0
2026-04-18 21:59:59 - app.api.v1.endpoints.predict - INFO - [predict.py:58] - Prediction completed: prediction=1, probability=0.7719
2026-04-18 22:00:01 - app.api.v1.endpoints.predict - DEBUG - [predict.py:17] - Prediction request received: pregnancies=6.0, glucose=148.0
2026-04-18 22:00:01 - app.api.v1.endpoints.predict - INFO - [predict.py:58] - Prediction completed: prediction=1, probability=0.7719
2026-04-18 22:00:03 - app.api.v1.endpoints.predict - DEBUG - [predict.py:17] - Prediction request received: pregnancies=6.0, glucose=148.0
2026-04-18 22:00:03 - app.api.v1.endpoints.predict - INFO - [predict.py:58] - Prediction completed: prediction=1, probability=0.7719
2026-04-18 22:00:05 - app.api.v1.endpoints.predict - DEBUG - [predict.py:17] - Prediction request received: pregnancies=6.0, glucose=148.0
2026-04-18 22:00:05 - app.api.v1.endpoints.predict - INFO - [predict.py:58] - Prediction completed: prediction=1, probability=0.7719
2026-04-18 22:00:06 - app.api.v1.endpoints.predict - DEBUG - [predict.py:17] - Prediction request received: pregnancies=6.0, glucose=148.0
2026-04-18 22:00:06 - app.api.v1.endpoints.predict - INFO - [predict.py:58] - Prediction completed: prediction=1, probability=0.7719
2026-04-18 22:00:28 - app.api.v1.endpoints.predict - DEBUG - [predict.py:17] - Prediction request received: pregnancies=6.0, glucose=148.0
2026-04-18 22:00:28 - app.api.v1.endpoints.predict - INFO - [predict.py:58] - Prediction completed: prediction=1, probability=0.7719
2026-04-18 22:00:29 - app.api.v1.endpoints.predict - DEBUG - [predict.py:17] - Prediction request received: pregnancies=6.0, glucose=148.0
2026-04-18 22:00:29 - app.api.v1.endpoints.predict - INFO - [predict.py:58] - Prediction completed: prediction=1, probability=0.7719
2026-04-18 22:00:30 - app.api.v1.endpoints.predict - DEBUG - [predict.py:17] - Prediction request received: pregnancies=6.0, glucose=148.0
2026-04-18 22:00:30 - app.api.v1.endpoints.predict - INFO - [predict.py:58] - Prediction completed: prediction=1, probability=0.7719
2026-04-18 22:00:33 - app.api.v1.endpoints.predict - DEBUG - [predict.py:17] - Prediction request received: pregnancies=6.0, glucose=148.0
2026-04-18 22:00:33 - app.api.v1.endpoints.predict - INFO - [predict.py:58] - Prediction completed: prediction=1, probability=0.7719
2026-04-18 22:00:35 - app.api.v1.endpoints.predict - DEBUG - [predict.py:17] - Prediction request received: pregnancies=6.0, glucose=148.0
2026-04-18 22:00:35 - app.api.v1.endpoints.predict - INFO - [predict.py:58] - Prediction completed: prediction=1, probability=0.7719
2026-04-18 22:00:40 - app.api.v1.endpoints.predict - DEBUG - [predict.py:17] - Prediction request received: pregnancies=6.0, glucose=148.0
2026-04-18 22:00:40 - app.api.v1.endpoints.predict - INFO - [predict.py:58] - Prediction completed: prediction=1, probability=0.7719
2026-04-18 22:00:41 - app.api.v1.endpoints.predict - DEBUG - [predict.py:17] - Prediction request received: pregnancies=6.0, glucose=148.0
2026-04-18 22:00:41 - app.api.v1.endpoints.predict - INFO - [predict.py:58] - Prediction completed: prediction=1, probability=0.7719
2026-04-18 22:00:48 - app.api.v1.endpoints.predict - DEBUG - [predict.py:17] - Prediction request received: pregnancies=6.0, glucose=148.0
2026-04-18 22:00:48 - app.api.v1.endpoints.predict - INFO - [predict.py:58] - Prediction completed: prediction=1, probability=0.7719
2026-04-18 22:00:49 - app.api.v1.endpoints.predict - DEBUG - [predict.py:17] - Prediction request received: pregnancies=6.0, glucose=148.0
2026-04-18 22:00:49 - app.api.v1.endpoints.predict - INFO - [predict.py:58] - Prediction completed: prediction=1, probability=0.7719
2026-04-18 22:02:07 - app.api.v1.endpoints.predict - DEBUG - [predict.py:17] - Prediction request received: pregnancies=6.0, glucose=148.0
2026-04-18 22:02:07 - app.api.v1.endpoints.predict - INFO - [predict.py:58] - Prediction completed: prediction=1, probability=0.7719
2026-04-18 22:02:08 - app.api.v1.endpoints.predict - DEBUG - [predict.py:17] - Prediction request received: pregnancies=6.0, glucose=148.0
2026-04-18 22:02:08 - app.api.v1.endpoints.predict - INFO - [predict.py:58] - Prediction completed: prediction=1, probability=0.7719
2026-04-18 22:02:09 - app.api.v1.endpoints.predict - DEBUG - [predict.py:17] - Prediction request received: pregnancies=6.0, glucose=148.0
2026-04-18 22:02:09 - app.api.v1.endpoints.predict - INFO - [predict.py:58] - Prediction completed: prediction=1, probability=0.7719
2026-04-18 22:02:09 - app.api.v1.endpoints.predict - DEBUG - [predict.py:17] - Prediction request received: pregnancies=6.0, glucose=148.0
2026-04-18 22:02:09 - app.api.v1.endpoints.predict - INFO - [predict.py:58] - Prediction completed: prediction=1, probability=0.7719
2026-04-18 22:02:09 - app.api.v1.endpoints.predict - DEBUG - [predict.py:17] - Prediction request received: pregnancies=6.0, glucose=148.0
2026-04-18 22:02:09 - app.api.v1.endpoints.predict - INFO - [predict.py:58] - Prediction completed: prediction=1, probability=0.7719
2026-04-18 22:02:10 - app.api.v1.endpoints.predict - DEBUG - [predict.py:17] - Prediction request received: pregnancies=6.0, glucose=148.0
2026-04-18 22:02:10 - app.api.v1.endpoints.predict - INFO - [predict.py:58] - Prediction completed: prediction=1, probability=0.7719
2026-04-18 22:02:11 - app.api.v1.endpoints.predict - DEBUG - [predict.py:17] - Prediction request received: pregnancies=6.0, glucose=148.0
2026-04-18 22:02:11 - app.api.v1.endpoints.predict - INFO - [predict.py:58] - Prediction completed: prediction=1, probability=0.7719
2026-04-18 22:02:12 - app.api.v1.endpoints.predict - DEBUG - [predict.py:17] - Prediction request received: pregnancies=6.0, glucose=148.0
2026-04-18 22:02:12 - app.api.v1.endpoints.predict - INFO - [predict.py:58] - Prediction completed: prediction=1, probability=0.7719
2026-04-18 22:02:13 - app.api.v1.endpoints.predict - DEBUG - [predict.py:17] - Prediction request received: pregnancies=6.0, glucose=148.0
2026-04-18 22:02:13 - app.api.v1.endpoints.predict - INFO - [predict.py:58] - Prediction completed: prediction=1, probability=0.7719
2026-04-18 22:02:14 - app.api.v1.endpoints.predict - DEBUG - [predict.py:17] - Prediction request received: pregnancies=6.0, glucose=148.0
2026-04-18 22:02:14 - app.api.v1.endpoints.predict - INFO - [predict.py:58] - Prediction completed: prediction=1, probability=0.7719
2026-04-18 22:03:04 - app.api.v1.endpoints.predict - DEBUG - [predict.py:17] - Prediction request received: pregnancies=6.0, glucose=148.0
2026-04-18 22:03:04 - app.api.v1.endpoints.predict - INFO - [predict.py:58] - Prediction completed: prediction=1, probability=0.7719
2026-04-18 22:03:37 - app.api.v1.endpoints.predict - DEBUG - [predict.py:17] - Prediction request received: pregnancies=6.0, glucose=148.0
2026-04-18 22:03:37 - app.api.v1.endpoints.predict - INFO - [predict.py:58] - Prediction completed: prediction=1, probability=0.7719
2026-04-18 22:03:38 - app.api.v1.endpoints.predict - DEBUG - [predict.py:17] - Prediction request received: pregnancies=6.0, glucose=148.0
2026-04-18 22:03:38 - app.api.v1.endpoints.predict - INFO - [predict.py:58] - Prediction completed: prediction=1, probability=0.7719
2026-04-18 22:03:39 - app.api.v1.endpoints.predict - DEBUG - [predict.py:17] - Prediction request received: pregnancies=6.0, glucose=148.0
2026-04-18 22:03:39 - app.api.v1.endpoints.predict - INFO - [predict.py:58] - Prediction completed: prediction=1, probability=0.7719
2026-04-18 22:03:39 - app.api.v1.endpoints.predict - DEBUG - [predict.py:17] - Prediction request received: pregnancies=6.0, glucose=148.0
2026-04-18 22:03:39 - app.api.v1.endpoints.predict - INFO - [predict.py:58] - Prediction completed: prediction=1, probability=0.7719
2026-04-18 22:03:40 - app.api.v1.endpoints.predict - DEBUG - [predict.py:17] - Prediction request received: pregnancies=6.0, glucose=148.0
2026-04-18 22:03:40 - app.api.v1.endpoints.predict - INFO - [predict.py:58] - Prediction completed: prediction=1, probability=0.7719
2026-04-18 22:03:40 - app.api.v1.endpoints.predict - DEBUG - [predict.py:17] - Prediction request received: pregnancies=6.0, glucose=148.0
2026-04-18 22:03:40 - app.api.v1.endpoints.predict - INFO - [predict.py:58] - Prediction completed: prediction=1, probability=0.7719
2026-04-18 22:03:41 - app.api.v1.endpoints.predict - DEBUG - [predict.py:17] - Prediction request received: pregnancies=6.0, glucose=148.0
2026-04-18 22:03:41 - app.api.v1.endpoints.predict - INFO - [predict.py:58] - Prediction completed: prediction=1, probability=0.7719
2026-04-18 22:03:44 - app.api.v1.endpoints.predict - DEBUG - [predict.py:17] - Prediction request received: pregnancies=6.0, glucose=148.0
2026-04-18 22:03:44 - app.api.v1.endpoints.predict - INFO - [predict.py:58] - Prediction completed: prediction=1, probability=0.7719
2026-04-18 22:03:44 - app.api.v1.endpoints.predict - DEBUG - [predict.py:17] - Prediction request received: pregnancies=6.0, glucose=148.0
2026-04-18 22:03:44 - app.api.v1.endpoints.predict - INFO - [predict.py:58] - Prediction completed: prediction=1, probability=0.7719
2026-04-18 22:06:07 - app.api.v1.endpoints.predict - DEBUG - [predict.py:17] - Prediction request received: pregnancies=6.0, glucose=148.0
2026-04-18 22:06:07 - app.api.v1.endpoints.predict - INFO - [predict.py:58] - Prediction completed: prediction=1, probability=0.7719
2026-04-18 22:06:07 - app.api.v1.endpoints.predict - DEBUG - [predict.py:17] - Prediction request received: pregnancies=6.0, glucose=148.0
2026-04-18 22:06:07 - app.api.v1.endpoints.predict - INFO - [predict.py:58] - Prediction completed: prediction=1, probability=0.7719
2026-04-18 22:06:08 - app.api.v1.endpoints.predict - DEBUG - [predict.py:17] - Prediction request received: pregnancies=6.0, glucose=148.0
2026-04-18 22:06:08 - app.api.v1.endpoints.predict - INFO - [predict.py:58] - Prediction completed: prediction=1, probability=0.7719
2026-04-18 22:06:08 - app.api.v1.endpoints.predict - DEBUG - [predict.py:17] - Prediction request received: pregnancies=6.0, glucose=148.0
2026-04-18 22:06:08 - app.api.v1.endpoints.predict - INFO - [predict.py:58] - Prediction completed: prediction=1, probability=0.7719
2026-04-18 22:06:09 - app.api.v1.endpoints.predict - DEBUG - [predict.py:17] - Prediction request received: pregnancies=6.0, glucose=148.0
2026-04-18 22:06:09 - app.api.v1.endpoints.predict - INFO - [predict.py:58] - Prediction completed: prediction=1, probability=0.7719
2026-04-18 22:06:09 - app.api.v1.endpoints.predict - DEBUG - [predict.py:17] - Prediction request received: pregnancies=6.0, glucose=148.0
2026-04-18 22:06:09 - app.api.v1.endpoints.predict - INFO - [predict.py:58] - Prediction completed: prediction=1, probability=0.7719
2026-04-18 22:06:09 - app.api.v1.endpoints.predict - DEBUG - [predict.py:17] - Prediction request received: pregnancies=6.0, glucose=148.0
2026-04-18 22:06:09 - app.api.v1.endpoints.predict - INFO - [predict.py:58] - Prediction completed: prediction=1, probability=0.7719
2026-04-18 22:06:11 - app.api.v1.endpoints.predict - DEBUG - [predict.py:17] - Prediction request received: pregnancies=6.0, glucose=148.0
2026-04-18 22:06:11 - app.api.v1.endpoints.predict - INFO - [predict.py:58] - Prediction completed: prediction=1, probability=0.7719
2026-04-18 22:06:12 - app.api.v1.endpoints.predict - DEBUG - [predict.py:17] - Prediction request received: pregnancies=6.0, glucose=148.0
2026-04-18 22:06:12 - app.api.v1.endpoints.predict - INFO - [predict.py:58] - Prediction completed: prediction=1, probability=0.7719
2026-04-18 22:06:13 - app.api.v1.endpoints.predict - DEBUG - [predict.py:17] - Prediction request received: pregnancies=6.0, glucose=148.0
2026-04-18 22:06:13 - app.api.v1.endpoints.predict - INFO - [predict.py:58] - Prediction completed: prediction=1, probability=0.7719
2026-04-18 22:07:27 - app.api.v1.endpoints.predict - DEBUG - [predict.py:17] - Prediction request received: pregnancies=6.0, glucose=148.0
2026-04-18 22:07:27 - app.api.v1.endpoints.predict - INFO - [predict.py:58] - Prediction completed: prediction=1, probability=0.7719
2026-04-18 22:07:28 - app.api.v1.endpoints.predict - DEBUG - [predict.py:17] - Prediction request received: pregnancies=6.0, glucose=148.0
2026-04-18 22:07:28 - app.api.v1.endpoints.predict - INFO - [predict.py:58] - Prediction completed: prediction=1, probability=0.7719
2026-04-18 22:07:29 - app.api.v1.endpoints.predict - DEBUG - [predict.py:17] - Prediction request received: pregnancies=6.0, glucose=148.0
2026-04-18 22:07:29 - app.api.v1.endpoints.predict - INFO - [predict.py:58] - Prediction completed: prediction=1, probability=0.7719
2026-04-18 22:07:30 - app.api.v1.endpoints.predict - DEBUG - [predict.py:17] - Prediction request received: pregnancies=6.0, glucose=148.0
2026-04-18 22:07:30 - app.api.v1.endpoints.predict - INFO - [predict.py:58] - Prediction completed: prediction=1, probability=0.7719
2026-04-18 22:07:31 - app.api.v1.endpoints.predict - DEBUG - [predict.py:17] - Prediction request received: pregnancies=6.0, glucose=148.0
2026-04-18 22:07:31 - app.api.v1.endpoints.predict - INFO - [predict.py:58] - Prediction completed: prediction=1, probability=0.7719
2026-04-18 22:09:15 - app.api.v1.endpoints.predict - DEBUG - [predict.py:17] - Prediction request received: pregnancies=6.0, glucose=148.0
2026-04-18 22:09:15 - app.api.v1.endpoints.predict - INFO - [predict.py:58] - Prediction completed: prediction=1, probability=0.7719
2026-04-18 22:11:17 - app.api.v1.endpoints.predict - DEBUG - [predict.py:17] - Prediction request received: pregnancies=6.0, glucose=148.0
2026-04-18 22:11:17 - app.api.v1.endpoints.predict - INFO - [predict.py:58] - Prediction completed: prediction=1, probability=0.7719
2026-04-18 22:11:19 - app.api.v1.endpoints.predict - DEBUG - [predict.py:17] - Prediction request received: pregnancies=6.0, glucose=148.0
2026-04-18 22:11:19 - app.api.v1.endpoints.predict - INFO - [predict.py:58] - Prediction completed: prediction=1, probability=0.7719
2026-04-18 22:11:19 - app.api.v1.endpoints.predict - DEBUG - [predict.py:17] - Prediction request received: pregnancies=6.0, glucose=148.0
2026-04-18 22:11:19 - app.api.v1.endpoints.predict - INFO - [predict.py:58] - Prediction completed: prediction=1, probability=0.7719
2026-04-18 22:11:20 - app.api.v1.endpoints.predict - DEBUG - [predict.py:17] - Prediction request received: pregnancies=6.0, glucose=148.0
2026-04-18 22:11:20 - app.api.v1.endpoints.predict - INFO - [predict.py:58] - Prediction completed: prediction=1, probability=0.7719
2026-04-18 22:11:20 - app.api.v1.endpoints.predict - DEBUG - [predict.py:17] - Prediction request received: pregnancies=6.0, glucose=148.0
2026-04-18 22:11:20 - app.api.v1.endpoints.predict - INFO - [predict.py:58] - Prediction completed: prediction=1, probability=0.7719
2026-04-18 22:11:21 - app.api.v1.endpoints.predict - DEBUG - [predict.py:17] - Prediction request received: pregnancies=6.0, glucose=148.0
2026-04-18 22:11:21 - app.api.v1.endpoints.predict - INFO - [predict.py:58] - Prediction completed: prediction=1, probability=0.7719
2026-04-18 22:11:21 - app.api.v1.endpoints.predict - DEBUG - [predict.py:17] - Prediction request received: pregnancies=6.0, glucose=148.0
2026-04-18 22:11:21 - app.api.v1.endpoints.predict - INFO - [predict.py:58] - Prediction completed: prediction=1, probability=0.7719
2026-04-18 22:11:21 - app.api.v1.endpoints.predict - DEBUG - [predict.py:17] - Prediction request received: pregnancies=6.0, glucose=148.0
2026-04-18 22:11:21 - app.api.v1.endpoints.predict - INFO - [predict.py:58] - Prediction completed: prediction=1, probability=0.7719
2026-04-18 22:11:21 - app.api.v1.endpoints.predict - DEBUG - [predict.py:17] - Prediction request received: pregnancies=6.0, glucose=148.0
2026-04-18 22:11:21 - app.api.v1.endpoints.predict - INFO - [predict.py:58] - Prediction completed: prediction=1, probability=0.7719
2026-04-18 22:11:21 - app.api.v1.endpoints.predict - DEBUG - [predict.py:17] - Prediction request received: pregnancies=6.0, glucose=148.0
2026-04-18 22:11:21 - app.api.v1.endpoints.predict - INFO - [predict.py:58] - Prediction completed: prediction=1, probability=0.7719
2026-04-18 22:11:30 - app.api.v1.endpoints.predict - DEBUG - [predict.py:17] - Prediction request received: pregnancies=6.0, glucose=148.0
2026-04-18 22:11:30 - app.api.v1.endpoints.predict - INFO - [predict.py:58] - Prediction completed: prediction=1, probability=0.7400
2026-04-18 22:11:51 - app.api.v1.endpoints.predict - DEBUG - [predict.py:17] - Prediction request received: pregnancies=6.0, glucose=50.0
2026-04-18 22:11:51 - app.api.v1.endpoints.predict - INFO - [predict.py:58] - Prediction completed: prediction=0, probability=0.8953
2026-04-18 22:11:52 - app.api.v1.endpoints.predict - DEBUG - [predict.py:17] - Prediction request received: pregnancies=6.0, glucose=50.0
2026-04-18 22:11:52 - app.api.v1.endpoints.predict - INFO - [predict.py:58] - Prediction completed: prediction=0, probability=0.8953
2026-04-18 22:11:56 - app.api.v1.endpoints.predict - DEBUG - [predict.py:17] - Prediction request received: pregnancies=6.0, glucose=50.0
2026-04-18 22:11:56 - app.api.v1.endpoints.predict - INFO - [predict.py:58] - Prediction completed: prediction=0, probability=0.9466
2026-04-18 22:12:04 - app.api.v1.endpoints.predict - DEBUG - [predict.py:17] - Prediction request received: pregnancies=6.0, glucose=50.0
2026-04-18 22:12:04 - app.api.v1.endpoints.predict - INFO - [predict.py:58] - Prediction completed: prediction=0, probability=0.8985
2026-04-18 22:12:05 - app.api.v1.endpoints.predict - DEBUG - [predict.py:17] - Prediction request received: pregnancies=6.0, glucose=50.0
2026-04-18 22:12:05 - app.api.v1.endpoints.predict - INFO - [predict.py:58] - Prediction completed: prediction=0, probability=0.8985
2026-04-18 22:12:09 - app.api.v1.endpoints.predict - DEBUG - [predict.py:17] - Prediction request received: pregnancies=0.0, glucose=50.0
2026-04-18 22:12:09 - app.api.v1.endpoints.predict - INFO - [predict.py:58] - Prediction completed: prediction=0, probability=0.9286
2026-04-18 22:12:10 - app.api.v1.endpoints.predict - DEBUG - [predict.py:17] - Prediction request received: pregnancies=0.0, glucose=50.0
2026-04-18 22:12:10 - app.api.v1.endpoints.predict - INFO - [predict.py:58] - Prediction completed: prediction=0, probability=0.9286
2026-04-18 22:12:15 - app.api.v1.endpoints.predict - DEBUG - [predict.py:17] - Prediction request received: pregnancies=0.0, glucose=50.0
2026-04-18 22:12:15 - app.api.v1.endpoints.predict - INFO - [predict.py:58] - Prediction completed: prediction=0, probability=0.9301
2026-04-18 22:12:19 - app.api.v1.endpoints.predict - DEBUG - [predict.py:17] - Prediction request received: pregnancies=0.0, glucose=10.0
2026-04-18 22:12:19 - app.api.v1.endpoints.predict - INFO - [predict.py:58] - Prediction completed: prediction=0, probability=0.9806
2026-04-18 22:12:20 - app.api.v1.endpoints.predict - DEBUG - [predict.py:17] - Prediction request received: pregnancies=0.0, glucose=10.0
2026-04-18 22:12:20 - app.api.v1.endpoints.predict - INFO - [predict.py:58] - Prediction completed: prediction=0, probability=0.9806
2026-04-18 22:12:25 - app.api.v1.endpoints.predict - DEBUG - [predict.py:17] - Prediction request received: pregnancies=0.0, glucose=10.0
2026-04-18 22:12:25 - app.api.v1.endpoints.predict - INFO - [predict.py:58] - Prediction completed: prediction=0, probability=0.9805
2026-04-18 22:12:26 - app.api.v1.endpoints.predict - DEBUG - [predict.py:17] - Prediction request received: pregnancies=0.0, glucose=10.0
2026-04-18 22:12:26 - app.api.v1.endpoints.predict - INFO - [predict.py:58] - Prediction completed: prediction=0, probability=0.9805
2026-04-18 22:12:31 - app.api.v1.endpoints.predict - DEBUG - [predict.py:17] - Prediction request received: pregnancies=0.0, glucose=10.0
2026-04-18 22:12:31 - app.api.v1.endpoints.predict - INFO - [predict.py:58] - Prediction completed: prediction=0, probability=0.9864
2026-04-18 22:12:36 - app.api.v1.endpoints.predict - DEBUG - [predict.py:17] - Prediction request received: pregnancies=0.0, glucose=10.0
2026-04-18 22:12:36 - app.api.v1.endpoints.predict - INFO - [predict.py:58] - Prediction completed: prediction=0, probability=0.9993
2026-04-18 22:12:43 - app.api.v1.endpoints.predict - DEBUG - [predict.py:17] - Prediction request received: pregnancies=0.0, glucose=10.0
2026-04-18 22:12:43 - app.api.v1.endpoints.predict - INFO - [predict.py:58] - Prediction completed: prediction=0, probability=0.9994
2026-04-18 22:12:47 - app.api.v1.endpoints.predict - DEBUG - [predict.py:17] - Prediction request received: pregnancies=0.0, glucose=10.0
2026-04-18 22:12:47 - app.api.v1.endpoints.predict - INFO - [predict.py:58] - Prediction completed: prediction=0, probability=0.9994
2026-04-18 22:12:48 - app.api.v1.endpoints.predict - DEBUG - [predict.py:17] - Prediction request received: pregnancies=0.0, glucose=10.0
2026-04-18 22:12:48 - app.api.v1.endpoints.predict - INFO - [predict.py:58] - Prediction completed: prediction=0, probability=0.9994
2026-04-18 22:12:48 - app.api.v1.endpoints.predict - DEBUG - [predict.py:17] - Prediction request received: pregnancies=0.0, glucose=10.0
2026-04-18 22:12:48 - app.api.v1.endpoints.predict - INFO - [predict.py:58] - Prediction completed: prediction=0, probability=0.9994
2026-04-18 22:12:56 - app.api.v1.endpoints.predict - DEBUG - [predict.py:17] - Prediction request received: pregnancies=0.0, glucose=10.0
2026-04-18 22:12:56 - app.api.v1.endpoints.predict - INFO - [predict.py:58] - Prediction completed: prediction=0, probability=0.9993
2026-04-18 22:12:57 - app.api.v1.endpoints.predict - DEBUG - [predict.py:17] - Prediction request received: pregnancies=0.0, glucose=10.0
2026-04-18 22:12:57 - app.api.v1.endpoints.predict - INFO - [predict.py:58] - Prediction completed: prediction=0, probability=0.9993
2026-04-18 22:13:03 - app.api.v1.endpoints.predict - DEBUG - [predict.py:17] - Prediction request received: pregnancies=0.0, glucose=10.0
2026-04-18 22:13:03 - app.api.v1.endpoints.predict - INFO - [predict.py:58] - Prediction completed: prediction=0, probability=0.9994
2026-04-18 22:13:08 - app.api.v1.endpoints.predict - DEBUG - [predict.py:17] - Prediction request received: pregnancies=0.0, glucose=10.0
2026-04-18 22:13:08 - app.api.v1.endpoints.predict - INFO - [predict.py:58] - Prediction completed: prediction=0, probability=0.9995
2026-04-18 22:13:13 - app.api.v1.endpoints.predict - DEBUG - [predict.py:17] - Prediction request received: pregnancies=0.0, glucose=10.0
2026-04-18 22:13:13 - app.api.v1.endpoints.predict - INFO - [predict.py:58] - Prediction completed: prediction=0, probability=0.9993
2026-04-18 22:13:20 - app.api.v1.endpoints.predict - DEBUG - [predict.py:17] - Prediction request received: pregnancies=0.0, glucose=10.0
2026-04-18 22:13:20 - app.api.v1.endpoints.predict - INFO - [predict.py:58] - Prediction completed: prediction=0, probability=0.9993
2026-04-18 22:13:21 - app.api.v1.endpoints.predict - DEBUG - [predict.py:17] - Prediction request received: pregnancies=0.0, glucose=10.0
2026-04-18 22:13:21 - app.api.v1.endpoints.predict - INFO - [predict.py:58] - Prediction completed: prediction=0, probability=0.9993
2026-04-18 22:13:26 - app.api.v1.endpoints.predict - DEBUG - [predict.py:17] - Prediction request received: pregnancies=0.0, glucose=20.0
2026-04-18 22:13:26 - app.api.v1.endpoints.predict - INFO - [predict.py:58] - Prediction completed: prediction=0, probability=0.9990
2026-04-18 22:13:30 - app.api.v1.endpoints.predict - DEBUG - [predict.py:17] - Prediction request received: pregnancies=0.0, glucose=1000.0
2026-04-18 22:13:30 - app.api.v1.endpoints.predict - INFO - [predict.py:58] - Prediction completed: prediction=1, probability=1.0000
2026-04-18 22:13:34 - app.api.v1.endpoints.predict - DEBUG - [predict.py:17] - Prediction request received: pregnancies=0.0, glucose=100.0
2026-04-18 22:13:34 - app.api.v1.endpoints.predict - INFO - [predict.py:58] - Prediction completed: prediction=0, probability=0.9858
2026-04-18 22:13:41 - app.api.v1.endpoints.predict - DEBUG - [predict.py:17] - Prediction request received: pregnancies=0.0, glucose=30.0
2026-04-18 22:13:41 - app.api.v1.endpoints.predict - INFO - [predict.py:58] - Prediction completed: prediction=0, probability=0.9986
2026-04-18 22:14:00 - app.api.v1.endpoints.predict - DEBUG - [predict.py:17] - Prediction request received: pregnancies=6.0, glucose=148.0
2026-04-18 22:14:00 - app.api.v1.endpoints.predict - INFO - [predict.py:58] - Prediction completed: prediction=1, probability=0.7719
2026-04-18 22:14:36 - app.main - INFO - [main.py:50] - Cleaning up ML models on shutdown...
2026-04-18 22:14:36 - app.main - DEBUG - [main.py:52] - Models cleared.
